<?xml version="1.0" encoding="UTF-8"?>
<testng-results ignored="12" total="20" passed="8" failed="0" skipped="0">
  <reporter-output>
    <line>
      <![CDATA[connected to db]]>
    </line>
    <line>
      <![CDATA[this is chrome]]>
    </line>
    <line>
      <![CDATA[this is chrome]]>
    </line>
    <line>
      <![CDATA[this is chrome]]>
    </line>
    <line>
      <![CDATA[this is chrome]]>
    </line>
    <line>
      <![CDATA[user login successfully]]>
    </line>
    <line>
      <![CDATA[user login successfully]]>
    </line>
    <line>
      <![CDATA[execution starts from here]]>
    </line>
    <line>
      <![CDATA[execution starts from here]]>
    </line>
    <line>
      <![CDATA[user login successfully]]>
    </line>
    <line>
      <![CDATA[execution starts from here]]>
    </line>
    <line>
      <![CDATA[user login successfully]]>
    </line>
    <line>
      <![CDATA[execution starts from here]]>
    </line>
    <line>
      <![CDATA[----> executed successfully<-----]]>
    </line>
    <line>
      <![CDATA[----> executed successfully<-----]]>
    </line>
    <line>
      <![CDATA[Application was closed]]>
    </line>
    <line>
      <![CDATA[Application was closed]]>
    </line>
    <line>
      <![CDATA[browser has been closed]]>
    </line>
    <line>
      <![CDATA[browser has been closed]]>
    </line>
    <line>
      <![CDATA[----> executed successfully<-----]]>
    </line>
    <line>
      <![CDATA[Application was closed]]>
    </line>
    <line>
      <![CDATA[browser has been closed]]>
    </line>
    <line>
      <![CDATA[----> executed successfully<-----]]>
    </line>
    <line>
      <![CDATA[Application was closed]]>
    </line>
    <line>
      <![CDATA[browser has been closed]]>
    </line>
    <line>
      <![CDATA[this is chrome]]>
    </line>
    <line>
      <![CDATA[this is chrome]]>
    </line>
    <line>
      <![CDATA[this is chrome]]>
    </line>
    <line>
      <![CDATA[this is chrome]]>
    </line>
    <line>
      <![CDATA[user login successfully]]>
    </line>
    <line>
      <![CDATA[execution starts from here]]>
    </line>
    <line>
      <![CDATA[user login successfully]]>
    </line>
    <line>
      <![CDATA[execution starts from here]]>
    </line>
    <line>
      <![CDATA[user login successfully]]>
    </line>
    <line>
      <![CDATA[execution starts from here]]>
    </line>
    <line>
      <![CDATA[user login successfully]]>
    </line>
    <line>
      <![CDATA[execution starts from here]]>
    </line>
    <line>
      <![CDATA[----> executed successfully<-----]]>
    </line>
    <line>
      <![CDATA[Application was closed]]>
    </line>
    <line>
      <![CDATA[browser has been closed]]>
    </line>
    <line>
      <![CDATA[----> executed successfully<-----]]>
    </line>
    <line>
      <![CDATA[Application was closed]]>
    </line>
    <line>
      <![CDATA[browser has been closed]]>
    </line>
    <line>
      <![CDATA[----> executed successfully<-----]]>
    </line>
    <line>
      <![CDATA[Application was closed]]>
    </line>
    <line>
      <![CDATA[browser has been closed]]>
    </line>
    <line>
      <![CDATA[----> executed successfully<-----]]>
    </line>
    <line>
      <![CDATA[Application was closed]]>
    </line>
    <line>
      <![CDATA[browser has been closed]]>
    </line>
    <line>
      <![CDATA[db connection has been closed]]>
    </line>
  </reporter-output>
  <suite started-at="2024-04-17T18:59:52 IST" name="Suite" finished-at="2024-04-17T19:03:19 IST" duration-ms="207526">
    <groups>
      <group name="smoke">
        <method signature="Add_to_wishlist_genericTest.order()[pri:0, instance:testng.Add_to_wishlist_genericTest@5b8dfcc1]" name="order" class="testng.Add_to_wishlist_genericTest"/>
        <method signature="Add_to_wishlist_genericTest.order()[pri:0, instance:testng.Add_to_wishlist_genericTest@62379589]" name="order" class="testng.Add_to_wishlist_genericTest"/>
      </group> <!-- smoke -->
    </groups>
    <test started-at="2024-04-17T18:59:52 IST" name="test" finished-at="2024-04-17T19:01:33 IST" duration-ms="101306">
      <class name="testng.Multi_item_cart_orderTest">
        <test-method is-config="true" signature="launchbrowser()[pri:0, instance:testng.Multi_item_cart_orderTest@49e53c76]" started-at="2024-04-17T18:59:52 IST" name="launchbrowser" finished-at="2024-04-17T19:00:56 IST" duration-ms="64403" status="PASS">
          <reporter-output>
            <line>
              <![CDATA[this is chrome]]>
            </line>
          </reporter-output>
        </test-method> <!-- launchbrowser -->
        <test-method is-config="true" signature="loginto_user_app()[pri:0, instance:testng.Multi_item_cart_orderTest@49e53c76]" started-at="2024-04-17T19:00:56 IST" name="loginto_user_app" finished-at="2024-04-17T19:00:58 IST" duration-ms="1303" status="PASS">
          <reporter-output>
            <line>
              <![CDATA[user login successfully]]>
            </line>
          </reporter-output>
        </test-method> <!-- loginto_user_app -->
        <test-method signature="multi_order()[pri:0, instance:testng.Multi_item_cart_orderTest@49e53c76]" started-at="2024-04-17T19:00:58 IST" name="multi_order" finished-at="2024-04-17T19:01:17 IST" duration-ms="19750" status="PASS">
          <reporter-output>
            <line>
              <![CDATA[execution starts from here]]>
            </line>
            <line>
              <![CDATA[----> executed successfully<-----]]>
            </line>
          </reporter-output>
        </test-method> <!-- multi_order -->
        <test-method is-config="true" signature="user_logout()[pri:0, instance:testng.Multi_item_cart_orderTest@49e53c76]" started-at="2024-04-17T19:01:17 IST" name="user_logout" finished-at="2024-04-17T19:01:20 IST" duration-ms="3032" status="PASS">
          <reporter-output>
            <line>
              <![CDATA[Application was closed]]>
            </line>
          </reporter-output>
        </test-method> <!-- user_logout -->
        <test-method is-config="true" signature="closebrowser()[pri:0, instance:testng.Multi_item_cart_orderTest@49e53c76]" started-at="2024-04-17T19:01:20 IST" name="closebrowser" finished-at="2024-04-17T19:01:22 IST" duration-ms="1829" status="PASS">
          <reporter-output>
            <line>
              <![CDATA[browser has been closed]]>
            </line>
          </reporter-output>
        </test-method> <!-- closebrowser -->
      </class> <!-- testng.Multi_item_cart_orderTest -->
      <class name="testng.Add_to_wishlist_genericTest">
        <test-method is-config="true" signature="launchbrowser()[pri:0, instance:testng.Add_to_wishlist_genericTest@5b8dfcc1]" started-at="2024-04-17T18:59:52 IST" name="launchbrowser" finished-at="2024-04-17T19:00:53 IST" duration-ms="61334" status="PASS">
          <reporter-output>
            <line>
              <![CDATA[this is chrome]]>
            </line>
          </reporter-output>
        </test-method> <!-- launchbrowser -->
        <test-method is-config="true" signature="loginto_user_app()[pri:0, instance:testng.Add_to_wishlist_genericTest@5b8dfcc1]" started-at="2024-04-17T19:00:53 IST" name="loginto_user_app" finished-at="2024-04-17T19:00:56 IST" duration-ms="3251" status="PASS">
          <reporter-output>
            <line>
              <![CDATA[user login successfully]]>
            </line>
          </reporter-output>
        </test-method> <!-- loginto_user_app -->
        <test-method signature="order()[pri:0, instance:testng.Add_to_wishlist_genericTest@5b8dfcc1]" started-at="2024-04-17T19:00:56 IST" name="order" finished-at="2024-04-17T19:01:31 IST" duration-ms="34667" status="PASS">
          <reporter-output>
            <line>
              <![CDATA[execution starts from here]]>
            </line>
            <line>
              <![CDATA[----> executed successfully<-----]]>
            </line>
          </reporter-output>
        </test-method> <!-- order -->
        <test-method is-config="true" signature="user_logout()[pri:0, instance:testng.Add_to_wishlist_genericTest@5b8dfcc1]" started-at="2024-04-17T19:01:31 IST" name="user_logout" finished-at="2024-04-17T19:01:32 IST" duration-ms="545" status="PASS">
          <reporter-output>
            <line>
              <![CDATA[Application was closed]]>
            </line>
          </reporter-output>
        </test-method> <!-- user_logout -->
        <test-method is-config="true" signature="closebrowser()[pri:0, instance:testng.Add_to_wishlist_genericTest@5b8dfcc1]" started-at="2024-04-17T19:01:32 IST" name="closebrowser" finished-at="2024-04-17T19:01:33 IST" duration-ms="1222" status="PASS">
          <reporter-output>
            <line>
              <![CDATA[browser has been closed]]>
            </line>
          </reporter-output>
        </test-method> <!-- closebrowser -->
      </class> <!-- testng.Add_to_wishlist_genericTest -->
      <class name="testng.TrackorderTest">
        <test-method is-config="true" signature="launchbrowser()[pri:0, instance:testng.TrackorderTest@38d8f54a]" started-at="2024-04-17T18:59:52 IST" name="launchbrowser" finished-at="2024-04-17T19:00:49 IST" duration-ms="56698" status="PASS">
          <reporter-output>
            <line>
              <![CDATA[this is chrome]]>
            </line>
          </reporter-output>
        </test-method> <!-- launchbrowser -->
        <test-method is-config="true" signature="loginto_user_app()[pri:0, instance:testng.TrackorderTest@38d8f54a]" started-at="2024-04-17T19:00:49 IST" name="loginto_user_app" finished-at="2024-04-17T19:00:56 IST" duration-ms="7071" status="PASS">
          <reporter-output>
            <line>
              <![CDATA[user login successfully]]>
            </line>
          </reporter-output>
        </test-method> <!-- loginto_user_app -->
        <test-method signature="track()[pri:0, instance:testng.TrackorderTest@38d8f54a]" started-at="2024-04-17T19:00:56 IST" name="track" finished-at="2024-04-17T19:01:04 IST" duration-ms="7909" status="PASS">
          <reporter-output>
            <line>
              <![CDATA[execution starts from here]]>
            </line>
            <line>
              <![CDATA[----> executed successfully<-----]]>
            </line>
          </reporter-output>
        </test-method> <!-- track -->
        <test-method is-config="true" signature="user_logout()[pri:0, instance:testng.TrackorderTest@38d8f54a]" started-at="2024-04-17T19:01:04 IST" name="user_logout" finished-at="2024-04-17T19:01:07 IST" duration-ms="3086" status="PASS">
          <reporter-output>
            <line>
              <![CDATA[Application was closed]]>
            </line>
          </reporter-output>
        </test-method> <!-- user_logout -->
        <test-method is-config="true" signature="closebrowser()[pri:0, instance:testng.TrackorderTest@38d8f54a]" started-at="2024-04-17T19:01:07 IST" name="closebrowser" finished-at="2024-04-17T19:01:10 IST" duration-ms="3254" status="PASS">
          <reporter-output>
            <line>
              <![CDATA[browser has been closed]]>
            </line>
          </reporter-output>
        </test-method> <!-- closebrowser -->
      </class> <!-- testng.TrackorderTest -->
      <class name="testng.wishlist_add_remove_itemTest">
        <test-method is-config="true" signature="launchbrowser()[pri:0, instance:testng.wishlist_add_remove_itemTest@351d00c0]" started-at="2024-04-17T18:59:52 IST" name="launchbrowser" finished-at="2024-04-17T19:00:52 IST" duration-ms="60164" status="PASS">
          <reporter-output>
            <line>
              <![CDATA[this is chrome]]>
            </line>
          </reporter-output>
        </test-method> <!-- launchbrowser -->
        <test-method is-config="true" signature="loginto_user_app()[pri:0, instance:testng.wishlist_add_remove_itemTest@351d00c0]" started-at="2024-04-17T19:00:52 IST" name="loginto_user_app" finished-at="2024-04-17T19:00:56 IST" duration-ms="3570" status="PASS">
          <reporter-output>
            <line>
              <![CDATA[user login successfully]]>
            </line>
          </reporter-output>
        </test-method> <!-- loginto_user_app -->
        <test-method signature="wishlist()[pri:0, instance:testng.wishlist_add_remove_itemTest@351d00c0]" started-at="2024-04-17T19:00:56 IST" name="wishlist" finished-at="2024-04-17T19:01:05 IST" duration-ms="9892" status="PASS">
          <reporter-output>
            <line>
              <![CDATA[execution starts from here]]>
            </line>
            <line>
              <![CDATA[----> executed successfully<-----]]>
            </line>
          </reporter-output>
        </test-method> <!-- wishlist -->
        <test-method is-config="true" signature="user_logout()[pri:0, instance:testng.wishlist_add_remove_itemTest@351d00c0]" started-at="2024-04-17T19:01:06 IST" name="user_logout" finished-at="2024-04-17T19:01:07 IST" duration-ms="987" status="PASS">
          <reporter-output>
            <line>
              <![CDATA[Application was closed]]>
            </line>
          </reporter-output>
        </test-method> <!-- user_logout -->
        <test-method is-config="true" signature="closebrowser()[pri:0, instance:testng.wishlist_add_remove_itemTest@351d00c0]" started-at="2024-04-17T19:01:07 IST" name="closebrowser" finished-at="2024-04-17T19:01:10 IST" duration-ms="3325" status="PASS">
          <reporter-output>
            <line>
              <![CDATA[browser has been closed]]>
            </line>
          </reporter-output>
        </test-method> <!-- closebrowser -->
      </class> <!-- testng.wishlist_add_remove_itemTest -->
    </test> <!-- test -->
    <test started-at="2024-04-17T19:01:37 IST" name="test1" finished-at="2024-04-17T19:03:19 IST" duration-ms="102017">
      <class name="testng.Multi_item_cart_orderTest">
        <test-method is-config="true" signature="launchbrowser()[pri:0, instance:testng.Multi_item_cart_orderTest@175c2241]" started-at="2024-04-17T19:01:37 IST" name="launchbrowser" finished-at="2024-04-17T19:02:41 IST" duration-ms="63944" status="PASS">
          <reporter-output>
            <line>
              <![CDATA[this is chrome]]>
            </line>
          </reporter-output>
        </test-method> <!-- launchbrowser -->
        <test-method is-config="true" signature="loginto_user_app()[pri:0, instance:testng.Multi_item_cart_orderTest@175c2241]" started-at="2024-04-17T19:02:41 IST" name="loginto_user_app" finished-at="2024-04-17T19:02:47 IST" duration-ms="5543" status="PASS">
          <reporter-output>
            <line>
              <![CDATA[user login successfully]]>
            </line>
          </reporter-output>
        </test-method> <!-- loginto_user_app -->
        <test-method signature="multi_order()[pri:0, instance:testng.Multi_item_cart_orderTest@175c2241]" started-at="2024-04-17T19:02:47 IST" name="multi_order" finished-at="2024-04-17T19:03:01 IST" duration-ms="14581" status="PASS">
          <reporter-output>
            <line>
              <![CDATA[execution starts from here]]>
            </line>
            <line>
              <![CDATA[----> executed successfully<-----]]>
            </line>
          </reporter-output>
        </test-method> <!-- multi_order -->
        <test-method is-config="true" signature="user_logout()[pri:0, instance:testng.Multi_item_cart_orderTest@175c2241]" started-at="2024-04-17T19:03:01 IST" name="user_logout" finished-at="2024-04-17T19:03:05 IST" duration-ms="3834" status="PASS">
          <reporter-output>
            <line>
              <![CDATA[Application was closed]]>
            </line>
          </reporter-output>
        </test-method> <!-- user_logout -->
        <test-method is-config="true" signature="closebrowser()[pri:0, instance:testng.Multi_item_cart_orderTest@175c2241]" started-at="2024-04-17T19:03:05 IST" name="closebrowser" finished-at="2024-04-17T19:03:08 IST" duration-ms="2606" status="PASS">
          <reporter-output>
            <line>
              <![CDATA[browser has been closed]]>
            </line>
          </reporter-output>
        </test-method> <!-- closebrowser -->
      </class> <!-- testng.Multi_item_cart_orderTest -->
      <class name="testng.Add_to_wishlist_genericTest">
        <test-method is-config="true" signature="conn_db()[pri:0, instance:testng.Add_to_wishlist_genericTest@62379589]" started-at="2024-04-17T18:59:51 IST" name="conn_db" finished-at="2024-04-17T18:59:52 IST" duration-ms="279" status="PASS">
          <reporter-output>
            <line>
              <![CDATA[connected to db]]>
            </line>
          </reporter-output>
        </test-method> <!-- conn_db -->
        <test-method is-config="true" signature="launchbrowser()[pri:0, instance:testng.Add_to_wishlist_genericTest@62379589]" started-at="2024-04-17T19:01:37 IST" name="launchbrowser" finished-at="2024-04-17T19:02:41 IST" duration-ms="63820" status="PASS">
          <reporter-output>
            <line>
              <![CDATA[this is chrome]]>
            </line>
          </reporter-output>
        </test-method> <!-- launchbrowser -->
        <test-method is-config="true" signature="loginto_user_app()[pri:0, instance:testng.Add_to_wishlist_genericTest@62379589]" started-at="2024-04-17T19:02:41 IST" name="loginto_user_app" finished-at="2024-04-17T19:02:47 IST" duration-ms="5812" status="PASS">
          <reporter-output>
            <line>
              <![CDATA[user login successfully]]>
            </line>
          </reporter-output>
        </test-method> <!-- loginto_user_app -->
        <test-method signature="order()[pri:0, instance:testng.Add_to_wishlist_genericTest@62379589]" started-at="2024-04-17T19:02:47 IST" name="order" finished-at="2024-04-17T19:03:17 IST" duration-ms="30368" status="PASS">
          <reporter-output>
            <line>
              <![CDATA[execution starts from here]]>
            </line>
            <line>
              <![CDATA[----> executed successfully<-----]]>
            </line>
          </reporter-output>
        </test-method> <!-- order -->
        <test-method is-config="true" signature="user_logout()[pri:0, instance:testng.Add_to_wishlist_genericTest@62379589]" started-at="2024-04-17T19:03:17 IST" name="user_logout" finished-at="2024-04-17T19:03:18 IST" duration-ms="552" status="PASS">
          <reporter-output>
            <line>
              <![CDATA[Application was closed]]>
            </line>
          </reporter-output>
        </test-method> <!-- user_logout -->
        <test-method is-config="true" signature="closebrowser()[pri:0, instance:testng.Add_to_wishlist_genericTest@62379589]" started-at="2024-04-17T19:03:18 IST" name="closebrowser" finished-at="2024-04-17T19:03:19 IST" duration-ms="1445" status="PASS">
          <reporter-output>
            <line>
              <![CDATA[browser has been closed]]>
            </line>
          </reporter-output>
        </test-method> <!-- closebrowser -->
        <test-method is-config="true" signature="close_db_conn()[pri:0, instance:testng.Add_to_wishlist_genericTest@62379589]" started-at="2024-04-17T19:03:19 IST" name="close_db_conn" finished-at="2024-04-17T19:03:19 IST" duration-ms="69" status="PASS">
          <reporter-output>
            <line>
              <![CDATA[db connection has been closed]]>
            </line>
          </reporter-output>
        </test-method> <!-- close_db_conn -->
      </class> <!-- testng.Add_to_wishlist_genericTest -->
      <class name="testng.TrackorderTest">
        <test-method is-config="true" signature="launchbrowser()[pri:0, instance:testng.TrackorderTest@4afcd809]" started-at="2024-04-17T19:01:37 IST" name="launchbrowser" finished-at="2024-04-17T19:02:42 IST" duration-ms="65065" status="PASS">
          <reporter-output>
            <line>
              <![CDATA[this is chrome]]>
            </line>
          </reporter-output>
        </test-method> <!-- launchbrowser -->
        <test-method is-config="true" signature="loginto_user_app()[pri:0, instance:testng.TrackorderTest@4afcd809]" started-at="2024-04-17T19:02:42 IST" name="loginto_user_app" finished-at="2024-04-17T19:02:46 IST" duration-ms="4265" status="PASS">
          <reporter-output>
            <line>
              <![CDATA[user login successfully]]>
            </line>
          </reporter-output>
        </test-method> <!-- loginto_user_app -->
        <test-method signature="track()[pri:0, instance:testng.TrackorderTest@4afcd809]" started-at="2024-04-17T19:02:46 IST" name="track" finished-at="2024-04-17T19:02:49 IST" duration-ms="2719" status="PASS">
          <reporter-output>
            <line>
              <![CDATA[execution starts from here]]>
            </line>
            <line>
              <![CDATA[----> executed successfully<-----]]>
            </line>
          </reporter-output>
        </test-method> <!-- track -->
        <test-method is-config="true" signature="user_logout()[pri:0, instance:testng.TrackorderTest@4afcd809]" started-at="2024-04-17T19:02:49 IST" name="user_logout" finished-at="2024-04-17T19:02:50 IST" duration-ms="545" status="PASS">
          <reporter-output>
            <line>
              <![CDATA[Application was closed]]>
            </line>
          </reporter-output>
        </test-method> <!-- user_logout -->
        <test-method is-config="true" signature="closebrowser()[pri:0, instance:testng.TrackorderTest@4afcd809]" started-at="2024-04-17T19:02:50 IST" name="closebrowser" finished-at="2024-04-17T19:02:51 IST" duration-ms="1627" status="PASS">
          <reporter-output>
            <line>
              <![CDATA[browser has been closed]]>
            </line>
          </reporter-output>
        </test-method> <!-- closebrowser -->
      </class> <!-- testng.TrackorderTest -->
      <class name="testng.wishlist_add_remove_itemTest">
        <test-method is-config="true" signature="launchbrowser()[pri:0, instance:testng.wishlist_add_remove_itemTest@5bf0d49]" started-at="2024-04-17T19:01:37 IST" name="launchbrowser" finished-at="2024-04-17T19:02:42 IST" duration-ms="64858" status="PASS">
          <reporter-output>
            <line>
              <![CDATA[this is chrome]]>
            </line>
          </reporter-output>
        </test-method> <!-- launchbrowser -->
        <test-method is-config="true" signature="loginto_user_app()[pri:0, instance:testng.wishlist_add_remove_itemTest@5bf0d49]" started-at="2024-04-17T19:02:42 IST" name="loginto_user_app" finished-at="2024-04-17T19:02:47 IST" duration-ms="4715" status="PASS">
          <reporter-output>
            <line>
              <![CDATA[user login successfully]]>
            </line>
          </reporter-output>
        </test-method> <!-- loginto_user_app -->
        <test-method signature="wishlist()[pri:0, instance:testng.wishlist_add_remove_itemTest@5bf0d49]" started-at="2024-04-17T19:02:47 IST" name="wishlist" finished-at="2024-04-17T19:02:51 IST" duration-ms="4744" status="PASS">
          <reporter-output>
            <line>
              <![CDATA[execution starts from here]]>
            </line>
            <line>
              <![CDATA[----> executed successfully<-----]]>
            </line>
          </reporter-output>
        </test-method> <!-- wishlist -->
        <test-method is-config="true" signature="user_logout()[pri:0, instance:testng.wishlist_add_remove_itemTest@5bf0d49]" started-at="2024-04-17T19:02:51 IST" name="user_logout" finished-at="2024-04-17T19:02:54 IST" duration-ms="2849" status="PASS">
          <reporter-output>
            <line>
              <![CDATA[Application was closed]]>
            </line>
          </reporter-output>
        </test-method> <!-- user_logout -->
        <test-method is-config="true" signature="closebrowser()[pri:0, instance:testng.wishlist_add_remove_itemTest@5bf0d49]" started-at="2024-04-17T19:02:54 IST" name="closebrowser" finished-at="2024-04-17T19:02:55 IST" duration-ms="1205" status="PASS">
          <reporter-output>
            <line>
              <![CDATA[browser has been closed]]>
            </line>
          </reporter-output>
        </test-method> <!-- closebrowser -->
      </class> <!-- testng.wishlist_add_remove_itemTest -->
    </test> <!-- test1 -->
  </suite> <!-- Suite -->
</testng-results>
