<?xml version="1.0" encoding="UTF-8"?>
<!-- Generated by org.testng.reporters.JUnitXMLReporter -->
<testsuite ignored="6" hostname="Thippeswamy" failures="0" tests="4" name="test1" time="102.017" errors="0" timestamp="2024-04-17T19:03:19 IST">
  <testcase classname="testng.TrackorderTest" name="track" time="2.719"/>
  <testcase classname="testng.wishlist_add_remove_itemTest" name="wishlist" time="4.744"/>
  <testcase classname="testng.Multi_item_cart_orderTest" name="multi_order" time="14.581"/>
  <testcase classname="testng.Add_to_wishlist_genericTest" name="order" time="30.368"/>
  <testcase classname="com.genericUtilities.BASECLASS2" name="@AfterSuite close_db_conn" time="0.0">
    <ignored/>
  </testcase> <!-- @AfterSuite close_db_conn -->
  <testcase classname="com.genericUtilities.BASECLASS2" name="@AfterSuite close_db_conn" time="0.0">
    <ignored/>
  </testcase> <!-- @AfterSuite close_db_conn -->
  <testcase classname="com.genericUtilities.BASECLASS2" name="@AfterSuite close_db_conn" time="0.0">
    <ignored/>
  </testcase> <!-- @AfterSuite close_db_conn -->
  <testcase classname="com.genericUtilities.BASECLASS2" name="@BeforeSuite conn_db" time="0.0">
    <ignored/>
  </testcase> <!-- @BeforeSuite conn_db -->
  <testcase classname="com.genericUtilities.BASECLASS2" name="@BeforeSuite conn_db" time="0.0">
    <ignored/>
  </testcase> <!-- @BeforeSuite conn_db -->
  <testcase classname="com.genericUtilities.BASECLASS2" name="@BeforeSuite conn_db" time="0.0">
    <ignored/>
  </testcase> <!-- @BeforeSuite conn_db -->
</testsuite> <!-- test1 -->
