<?xml version="1.0" encoding="UTF-8"?>
<!-- Generated by org.testng.reporters.JUnitXMLReporter -->
<testsuite ignored="6" hostname="Thippeswamy" failures="0" tests="4" name="test" time="108.812" errors="0" timestamp="2024-04-17T19:39:13 IST">
  <testcase classname="testng.Add_to_wishlist_genericTest" name="order" time="24.782"/>
  <testcase classname="testng.TrackorderTest" name="track" time="0.623"/>
  <testcase classname="testng.Multi_item_cart_orderTest" name="multi_order" time="11.215"/>
  <testcase classname="testng.wishlist_add_remove_itemTest" name="wishlist" time="2.348"/>
  <testcase classname="com.genericUtilities.BASECLASS2" name="@AfterSuite close_db_conn" time="0.0">
    <ignored/>
  </testcase> <!-- @AfterSuite close_db_conn -->
  <testcase classname="com.genericUtilities.BASECLASS2" name="@AfterSuite close_db_conn" time="0.0">
    <ignored/>
  </testcase> <!-- @AfterSuite close_db_conn -->
  <testcase classname="com.genericUtilities.BASECLASS2" name="@AfterSuite close_db_conn" time="0.0">
    <ignored/>
  </testcase> <!-- @AfterSuite close_db_conn -->
  <testcase classname="com.genericUtilities.BASECLASS2" name="@BeforeSuite conn_db" time="0.0">
    <ignored/>
  </testcase> <!-- @BeforeSuite conn_db -->
  <testcase classname="com.genericUtilities.BASECLASS2" name="@BeforeSuite conn_db" time="0.0">
    <ignored/>
  </testcase> <!-- @BeforeSuite conn_db -->
  <testcase classname="com.genericUtilities.BASECLASS2" name="@BeforeSuite conn_db" time="0.0">
    <ignored/>
  </testcase> <!-- @BeforeSuite conn_db -->
</testsuite> <!-- test -->
